<?xml version="1.0" encoding="UTF-8"?>
<TestRun id="10ec32ac-c0ca-4c02-b244-6b0cc1a90072" name="RB004259604@MNL02S55581D1 2017-12-12 05:36:51" runUser="MERCURY\RB004259604" xmlns="http://microsoft.com/schemas/VisualStudio/TeamTest/2010">
  <TestSettings name="Local" id="acb762e6-aeb6-4f8a-a783-c5ab64753407">
    <Description>These are default test settings for a local test run.</Description>
    <Deployment enabled="false" runDeploymentRoot="RB004259604_MNL02S55581D1 2017-12-12 05_36_51">
      <DeploymentItem filename="C:\Users\RB004259604\Documents\Visual Studio 2010\Projects\BASDTrainingWinForms\BASDTraining.Console\bin\Debug\BASDTraining.Console.exe" />
    </Deployment>
    <Execution>
      <TestTypeSpecific />
      <AgentRule name="Execution Agents">
      </AgentRule>
    </Execution>
  </TestSettings>
  <Times creation="2017-12-12T05:36:51.0159291-06:00" queuing="2017-12-12T05:36:51.0199291-06:00" start="2017-12-12T05:36:51.0239291-06:00" finish="2017-12-12T05:36:51.2149291-06:00" />
  <ResultSummary outcome="Completed">
    <Counters total="1" executed="1" passed="1" error="0" failed="0" timeout="0" aborted="0" inconclusive="0" passedButRunAborted="0" notRunnable="0" notExecuted="0" disconnected="0" warning="0" completed="0" inProgress="0" pending="0" />
  </ResultSummary>
  <TestDefinitions>
    <UnitTest name="TestGetSum2" storage="c:\users\rb004259604\documents\visual studio 2010\projects\basdtrainingwinforms\basdtraining.unittest\bin\debug\basdtraining.unittest.dll" id="930c1a4a-89a8-06ec-8637-09445ecb716c">
      <Execution id="504ab0f8-729e-4fb0-8e6b-b977096ba42e" />
      <TestMethod codeBase="C:/Users/RB004259604/Documents/Visual Studio 2010/Projects/BASDTrainingWinForms/BASDTraining.UnitTest/bin/Debug/BASDTraining.UnitTest.DLL" adapterTypeName="Microsoft.VisualStudio.TestTools.TestTypes.Unit.UnitTestAdapter, Microsoft.VisualStudio.QualityTools.Tips.UnitTest.Adapter, Version=10.0.0.0, Culture=neutral, PublicKeyToken=b03f5f7f11d50a3a" className="BASDTraining.UnitTest.ProgramTest, BASDTraining.UnitTest, Version=1.0.0.0, Culture=neutral, PublicKeyToken=null" name="TestGetSum2" />
    </UnitTest>
  </TestDefinitions>
  <TestLists>
    <TestList name="Results Not in a List" id="8c84fa94-04c1-424b-9868-57a2d4851a1d" />
    <TestList name="All Loaded Results" id="19431567-8539-422a-85d7-44ee4e166bda" />
  </TestLists>
  <TestEntries>
    <TestEntry testId="930c1a4a-89a8-06ec-8637-09445ecb716c" executionId="504ab0f8-729e-4fb0-8e6b-b977096ba42e" testListId="8c84fa94-04c1-424b-9868-57a2d4851a1d" />
  </TestEntries>
  <Results>
    <UnitTestResult executionId="504ab0f8-729e-4fb0-8e6b-b977096ba42e" testId="930c1a4a-89a8-06ec-8637-09445ecb716c" testName="TestGetSum2" computerName="MNL02S55581D1" duration="00:00:00.0320359" startTime="2017-12-12T05:36:51.0289291-06:00" endTime="2017-12-12T05:36:51.2019291-06:00" testType="13cdc9d9-ddb5-4fa4-a97d-d965ccfc6d4b" outcome="Passed" testListId="8c84fa94-04c1-424b-9868-57a2d4851a1d" relativeResultsDirectory="504ab0f8-729e-4fb0-8e6b-b977096ba42e">
    </UnitTestResult>
  </Results>
</TestRun>