<?xml version="1.0" encoding="UTF-8"?>
<TestRun id="eb95d73f-3368-43f2-bab9-9e4e27c4061d" name="RB004259604@MNL02S55581D1 2017-12-12 08:58:22" runUser="MERCURY\RB004259604" xmlns="http://microsoft.com/schemas/VisualStudio/TeamTest/2010">
  <TestSettings name="Local" id="acb762e6-aeb6-4f8a-a783-c5ab64753407">
    <Description>These are default test settings for a local test run.</Description>
    <Deployment enabled="false" runDeploymentRoot="RB004259604_MNL02S55581D1 2017-12-12 08_58_22">
      <DeploymentItem filename="C:\Users\RB004259604\Documents\Visual Studio 2010\Projects\BASDTrainingWinForms\BASD.Helper\bin\Debug\BASD.Helper.dll" />
      <DeploymentItem filename="C:\Users\RB004259604\Documents\Visual Studio 2010\Projects\BASDTrainingWinForms\BASDTraining.Console\bin\Debug\BASDTraining.Console.exe" />
      <DeploymentItem filename="C:\Users\RB004259604\Documents\Visual Studio 2010\Projects\BASDTrainingWinForms\BASDTrainingWinForms.UI\bin\Debug\BASDTrainingWinForms.UI.exe" />
    </Deployment>
    <Execution>
      <TestTypeSpecific />
      <AgentRule name="Execution Agents">
      </AgentRule>
    </Execution>
  </TestSettings>
  <Times creation="2017-12-12T08:58:22.9937922-06:00" queuing="2017-12-12T08:58:28.5163444-06:00" start="2017-12-12T08:58:28.5233451-06:00" finish="2017-12-12T08:58:28.8703798-06:00" />
  <ResultSummary outcome="Completed">
    <Counters total="2" executed="2" passed="2" error="0" failed="0" timeout="0" aborted="0" inconclusive="0" passedButRunAborted="0" notRunnable="0" notExecuted="0" disconnected="0" warning="0" completed="0" inProgress="0" pending="0" />
  </ResultSummary>
  <TestDefinitions>
    <UnitTest name="TestGetSum2" storage="c:\users\rb004259604\documents\visual studio 2010\projects\basdtrainingwinforms\basdtraining.unittest\bin\debug\basdtraining.unittest.dll" id="930c1a4a-89a8-06ec-8637-09445ecb716c">
      <Execution id="b9eea3c7-2823-4381-9efe-63863a0ce536" />
      <TestMethod codeBase="C:/Users/RB004259604/Documents/Visual Studio 2010/Projects/BASDTrainingWinForms/BASDTraining.UnitTest/bin/Debug/BASDTraining.UnitTest.DLL" adapterTypeName="Microsoft.VisualStudio.TestTools.TestTypes.Unit.UnitTestAdapter, Microsoft.VisualStudio.QualityTools.Tips.UnitTest.Adapter, Version=10.0.0.0, Culture=neutral, PublicKeyToken=b03f5f7f11d50a3a" className="BASDTraining.UnitTest.ProgramTest, BASDTraining.UnitTest, Version=1.0.0.0, Culture=neutral, PublicKeyToken=null" name="TestGetSum2" />
    </UnitTest>
    <UnitTest name="EncryptStringTest" storage="c:\users\rb004259604\documents\visual studio 2010\projects\basdtrainingwinforms\pizzadelivery.unittest\bin\debug\pizzadelivery.unittest.dll" id="a5b9961e-8e8a-b378-fb74-674adad73152">
      <Execution id="9599e114-d6b6-44b7-9510-d4ccf6ad5cae" />
      <TestMethod codeBase="C:/Users/RB004259604/Documents/Visual Studio 2010/Projects/BASDTrainingWinForms/PizzaDelivery.UnitTest/bin/Debug/PizzaDelivery.UnitTest.DLL" adapterTypeName="Microsoft.VisualStudio.TestTools.TestTypes.Unit.UnitTestAdapter, Microsoft.VisualStudio.QualityTools.Tips.UnitTest.Adapter, Version=10.0.0.0, Culture=neutral, PublicKeyToken=b03f5f7f11d50a3a" className="PizzaDelivery.UnitTest.BaseCryptoUnitTest, PizzaDelivery.UnitTest, Version=1.0.0.0, Culture=neutral, PublicKeyToken=null" name="EncryptStringTest" />
    </UnitTest>
  </TestDefinitions>
  <TestLists>
    <TestList name="Results Not in a List" id="8c84fa94-04c1-424b-9868-57a2d4851a1d" />
    <TestList name="All Loaded Results" id="19431567-8539-422a-85d7-44ee4e166bda" />
  </TestLists>
  <TestEntries>
    <TestEntry testId="930c1a4a-89a8-06ec-8637-09445ecb716c" executionId="b9eea3c7-2823-4381-9efe-63863a0ce536" testListId="8c84fa94-04c1-424b-9868-57a2d4851a1d" />
    <TestEntry testId="a5b9961e-8e8a-b378-fb74-674adad73152" executionId="9599e114-d6b6-44b7-9510-d4ccf6ad5cae" testListId="8c84fa94-04c1-424b-9868-57a2d4851a1d" />
  </TestEntries>
  <Results>
    <UnitTestResult executionId="b9eea3c7-2823-4381-9efe-63863a0ce536" testId="930c1a4a-89a8-06ec-8637-09445ecb716c" testName="TestGetSum2" computerName="MNL02S55581D1" duration="00:00:00.0118019" startTime="2017-12-12T08:58:28.5343462-06:00" endTime="2017-12-12T08:58:28.6943622-06:00" testType="13cdc9d9-ddb5-4fa4-a97d-d965ccfc6d4b" outcome="Passed" testListId="8c84fa94-04c1-424b-9868-57a2d4851a1d" relativeResultsDirectory="b9eea3c7-2823-4381-9efe-63863a0ce536">
    </UnitTestResult>
    <UnitTestResult executionId="9599e114-d6b6-44b7-9510-d4ccf6ad5cae" testId="a5b9961e-8e8a-b378-fb74-674adad73152" testName="EncryptStringTest" computerName="MNL02S55581D1" duration="00:00:00.0097606" startTime="2017-12-12T08:58:28.7003628-06:00" endTime="2017-12-12T08:58:28.8503778-06:00" testType="13cdc9d9-ddb5-4fa4-a97d-d965ccfc6d4b" outcome="Passed" testListId="8c84fa94-04c1-424b-9868-57a2d4851a1d" relativeResultsDirectory="9599e114-d6b6-44b7-9510-d4ccf6ad5cae">
    </UnitTestResult>
  </Results>
</TestRun>