<?xml version="1.0" encoding="UTF-8"?>
<TestRun id="7bbd1336-aad4-4d64-82ed-73e1e75f177c" name="RB004259604@MNL02S55581D1 2017-12-12 08:24:35" runUser="MERCURY\RB004259604" xmlns="http://microsoft.com/schemas/VisualStudio/TeamTest/2010">
  <TestSettings name="Local" id="acb762e6-aeb6-4f8a-a783-c5ab64753407">
    <Description>These are default test settings for a local test run.</Description>
    <Deployment enabled="false" runDeploymentRoot="RB004259604_MNL02S55581D1 2017-12-12 08_24_35">
      <DeploymentItem filename="C:\Users\RB004259604\Documents\Visual Studio 2010\Projects\BASDTrainingWinForms\BASD.Helper\bin\Debug\BASD.Helper.dll" />
      <DeploymentItem filename="C:\Users\RB004259604\Documents\Visual Studio 2010\Projects\BASDTrainingWinForms\BASDTraining.Console\bin\Debug\BASDTraining.Console.exe" />
      <DeploymentItem filename="C:\Users\RB004259604\Documents\Visual Studio 2010\Projects\BASDTrainingWinForms\BASDTrainingWinForms.UI\bin\Debug\BASDTrainingWinForms.UI.exe" />
    </Deployment>
    <Execution>
      <TestTypeSpecific />
      <AgentRule name="Execution Agents">
      </AgentRule>
    </Execution>
  </TestSettings>
  <Times creation="2017-12-12T08:24:35.7081039-06:00" queuing="2017-12-12T08:24:35.9921323-06:00" start="2017-12-12T08:24:36.0111342-06:00" finish="2017-12-12T08:24:36.4101741-06:00" />
  <ResultSummary outcome="Completed">
    <Counters total="2" executed="2" passed="2" error="0" failed="0" timeout="0" aborted="0" inconclusive="0" passedButRunAborted="0" notRunnable="0" notExecuted="0" disconnected="0" warning="0" completed="0" inProgress="0" pending="0" />
  </ResultSummary>
  <TestDefinitions>
    <UnitTest name="TestGetSum2" storage="c:\users\rb004259604\documents\visual studio 2010\projects\basdtrainingwinforms\basdtraining.unittest\bin\debug\basdtraining.unittest.dll" id="930c1a4a-89a8-06ec-8637-09445ecb716c">
      <Execution id="47aaf2a6-a154-4f07-8554-cb945660aa91" />
      <TestMethod codeBase="C:/Users/RB004259604/Documents/Visual Studio 2010/Projects/BASDTrainingWinForms/BASDTraining.UnitTest/bin/Debug/BASDTraining.UnitTest.DLL" adapterTypeName="Microsoft.VisualStudio.TestTools.TestTypes.Unit.UnitTestAdapter, Microsoft.VisualStudio.QualityTools.Tips.UnitTest.Adapter, Version=10.0.0.0, Culture=neutral, PublicKeyToken=b03f5f7f11d50a3a" className="BASDTraining.UnitTest.ProgramTest, BASDTraining.UnitTest, Version=1.0.0.0, Culture=neutral, PublicKeyToken=null" name="TestGetSum2" />
    </UnitTest>
    <UnitTest name="EncryptStringTest" storage="c:\users\rb004259604\documents\visual studio 2010\projects\basdtrainingwinforms\pizzadelivery.unittest\bin\debug\pizzadelivery.unittest.dll" id="a5b9961e-8e8a-b378-fb74-674adad73152">
      <Execution id="69c38221-60d0-4c5a-8cfa-c3fb24c8384a" />
      <TestMethod codeBase="C:/Users/RB004259604/Documents/Visual Studio 2010/Projects/BASDTrainingWinForms/PizzaDelivery.UnitTest/bin/Debug/PizzaDelivery.UnitTest.DLL" adapterTypeName="Microsoft.VisualStudio.TestTools.TestTypes.Unit.UnitTestAdapter, Microsoft.VisualStudio.QualityTools.Tips.UnitTest.Adapter, Version=10.0.0.0, Culture=neutral, PublicKeyToken=b03f5f7f11d50a3a" className="PizzaDelivery.UnitTest.BaseCryptoUnitTest, PizzaDelivery.UnitTest, Version=1.0.0.0, Culture=neutral, PublicKeyToken=null" name="EncryptStringTest" />
    </UnitTest>
  </TestDefinitions>
  <TestLists>
    <TestList name="Results Not in a List" id="8c84fa94-04c1-424b-9868-57a2d4851a1d" />
    <TestList name="All Loaded Results" id="19431567-8539-422a-85d7-44ee4e166bda" />
  </TestLists>
  <TestEntries>
    <TestEntry testId="930c1a4a-89a8-06ec-8637-09445ecb716c" executionId="47aaf2a6-a154-4f07-8554-cb945660aa91" testListId="8c84fa94-04c1-424b-9868-57a2d4851a1d" />
    <TestEntry testId="a5b9961e-8e8a-b378-fb74-674adad73152" executionId="69c38221-60d0-4c5a-8cfa-c3fb24c8384a" testListId="8c84fa94-04c1-424b-9868-57a2d4851a1d" />
  </TestEntries>
  <Results>
    <UnitTestResult executionId="47aaf2a6-a154-4f07-8554-cb945660aa91" testId="930c1a4a-89a8-06ec-8637-09445ecb716c" testName="TestGetSum2" computerName="MNL02S55581D1" duration="00:00:00.0233787" startTime="2017-12-12T08:24:36.0321363-06:00" endTime="2017-12-12T08:24:36.2271558-06:00" testType="13cdc9d9-ddb5-4fa4-a97d-d965ccfc6d4b" outcome="Passed" testListId="8c84fa94-04c1-424b-9868-57a2d4851a1d" relativeResultsDirectory="47aaf2a6-a154-4f07-8554-cb945660aa91">
    </UnitTestResult>
    <UnitTestResult executionId="69c38221-60d0-4c5a-8cfa-c3fb24c8384a" testId="a5b9961e-8e8a-b378-fb74-674adad73152" testName="EncryptStringTest" computerName="MNL02S55581D1" duration="00:00:00.0104287" startTime="2017-12-12T08:24:36.2321563-06:00" endTime="2017-12-12T08:24:36.3881719-06:00" testType="13cdc9d9-ddb5-4fa4-a97d-d965ccfc6d4b" outcome="Passed" testListId="8c84fa94-04c1-424b-9868-57a2d4851a1d" relativeResultsDirectory="69c38221-60d0-4c5a-8cfa-c3fb24c8384a">
    </UnitTestResult>
  </Results>
</TestRun>